<?xml version="1.0" encoding="UTF-8" ?>
<testsuite failures="0" time="0.027" errors="0" skipped="0" tests="1" name="fi.game.data.AppTest">
  <properties>
    <property name="java.runtime.name" value="Java(TM) SE Runtime Environment"/>
    <property name="sun.boot.library.path" value="/opt/jdk1.6.0_23/jre/lib/i386"/>
    <property name="java.vm.version" value="19.0-b09"/>
    <property name="java.vm.vendor" value="Sun Microsystems Inc."/>
    <property name="java.vendor.url" value="http://java.sun.com/"/>
    <property name="path.separator" value=":"/>
    <property name="java.vm.name" value="Java HotSpot(TM) Server VM"/>
    <property name="file.encoding.pkg" value="sun.io"/>
    <property name="user.country" value="US"/>
    <property name="sun.java.launcher" value="SUN_STANDARD"/>
    <property name="sun.os.patch.level" value="unknown"/>
    <property name="java.vm.specification.name" value="Java Virtual Machine Specification"/>
    <property name="user.dir" value="/home/viirus/Projects/gitrepos/DGITTC/Data"/>
    <property name="java.runtime.version" value="1.6.0_23-b05"/>
    <property name="java.awt.graphicsenv" value="sun.awt.X11GraphicsEnvironment"/>
    <property name="basedir" value="/home/viirus/Projects/gitrepos/DGITTC/Data"/>
    <property name="java.endorsed.dirs" value="/opt/jdk1.6.0_23/jre/lib/endorsed"/>
    <property name="os.arch" value="i386"/>
    <property name="surefire.real.class.path" value="/tmp/surefirebooter1722069979734131608.jar"/>
    <property name="java.io.tmpdir" value="/tmp"/>
    <property name="line.separator" value="
"/>
    <property name="java.vm.specification.vendor" value="Sun Microsystems Inc."/>
    <property name="os.name" value="Linux"/>
    <property name="sun.jnu.encoding" value="UTF-8"/>
    <property name="java.library.path" value="/opt/jdk1.6.0_23/jre/lib/i386/server:/opt/jdk1.6.0_23/jre/lib/i386:/opt/jdk1.6.0_23/jre/../lib/i386:/usr/java/packages/lib/i386:/lib:/usr/lib"/>
    <property name="surefire.test.class.path" value="/home/viirus/Projects/gitrepos/DGITTC/Data/target/test-classes:/home/viirus/Projects/gitrepos/DGITTC/Data/target/classes:/home/viirus/.m2/repository/org/apache/derby/derby/10.7.1.1/derby-10.7.1.1.jar:/home/viirus/.m2/repository/org/springframework/spring-beans/2.5.6/spring-beans-2.5.6.jar:/home/viirus/.m2/repository/commons-logging/commons-logging/1.1.1/commons-logging-1.1.1.jar:/home/viirus/.m2/repository/org/springframework/spring-core/2.5.6/spring-core-2.5.6.jar:/home/viirus/.m2/repository/junit/junit/3.8.1/junit-3.8.1.jar:"/>
    <property name="java.specification.name" value="Java Platform API Specification"/>
    <property name="java.class.version" value="50.0"/>
    <property name="sun.management.compiler" value="HotSpot Tiered Compilers"/>
    <property name="os.version" value="2.6.35-24-generic"/>
    <property name="user.home" value="/home/viirus"/>
    <property name="user.timezone" value=""/>
    <property name="java.awt.printerjob" value="sun.print.PSPrinterJob"/>
    <property name="file.encoding" value="UTF-8"/>
    <property name="java.specification.version" value="1.6"/>
    <property name="user.name" value="viirus"/>
    <property name="java.class.path" value="/home/viirus/Projects/gitrepos/DGITTC/Data/target/test-classes:/home/viirus/Projects/gitrepos/DGITTC/Data/target/classes:/home/viirus/.m2/repository/org/apache/derby/derby/10.7.1.1/derby-10.7.1.1.jar:/home/viirus/.m2/repository/org/springframework/spring-beans/2.5.6/spring-beans-2.5.6.jar:/home/viirus/.m2/repository/commons-logging/commons-logging/1.1.1/commons-logging-1.1.1.jar:/home/viirus/.m2/repository/org/springframework/spring-core/2.5.6/spring-core-2.5.6.jar:/home/viirus/.m2/repository/junit/junit/3.8.1/junit-3.8.1.jar:"/>
    <property name="java.vm.specification.version" value="1.0"/>
    <property name="sun.arch.data.model" value="32"/>
    <property name="java.home" value="/opt/jdk1.6.0_23/jre"/>
    <property name="java.specification.vendor" value="Sun Microsystems Inc."/>
    <property name="user.language" value="en"/>
    <property name="java.vm.info" value="mixed mode"/>
    <property name="java.version" value="1.6.0_23"/>
    <property name="java.ext.dirs" value="/opt/jdk1.6.0_23/jre/lib/ext:/usr/java/packages/lib/ext"/>
    <property name="sun.boot.class.path" value="/opt/jdk1.6.0_23/jre/lib/resources.jar:/opt/jdk1.6.0_23/jre/lib/rt.jar:/opt/jdk1.6.0_23/jre/lib/sunrsasign.jar:/opt/jdk1.6.0_23/jre/lib/jsse.jar:/opt/jdk1.6.0_23/jre/lib/jce.jar:/opt/jdk1.6.0_23/jre/lib/charsets.jar:/opt/jdk1.6.0_23/jre/lib/modules/jdk.boot.jar:/opt/jdk1.6.0_23/jre/classes"/>
    <property name="java.vendor" value="Sun Microsystems Inc."/>
    <property name="localRepository" value="/home/viirus/.m2/repository"/>
    <property name="file.separator" value="/"/>
    <property name="java.vendor.url.bug" value="http://java.sun.com/cgi-bin/bugreport.cgi"/>
    <property name="sun.cpu.endian" value="little"/>
    <property name="sun.io.unicode.encoding" value="UnicodeLittle"/>
    <property name="sun.desktop" value="gnome"/>
    <property name="sun.cpu.isalist" value=""/>
  </properties>
  <testcase time="0.002" classname="fi.game.data.AppTest" name="testApp"/>
</testsuite>